[debug] [2024-03-24T09:43:18.126Z] ----------------------------------------------------------------------
[debug] [2024-03-24T09:43:18.128Z] Command:       /home/chapi/.nvm/versions/node/v20.11.1/bin/node /home/chapi/.nvm/versions/node/v20.11.1/bin/firebase init
[debug] [2024-03-24T09:43:18.128Z] CLI Version:   13.5.2
[debug] [2024-03-24T09:43:18.129Z] Platform:      linux
[debug] [2024-03-24T09:43:18.129Z] Node Version:  v20.11.1
[debug] [2024-03-24T09:43:18.129Z] Time:          Sun Mar 24 2024 12:43:18 GMT+0300 (East Africa Time)
[debug] [2024-03-24T09:43:18.129Z] ----------------------------------------------------------------------
[debug] 
[debug] [2024-03-24T09:43:18.133Z] > command requires scopes: ["email","openid","https://www.googleapis.com/auth/cloudplatformprojects.readonly","https://www.googleapis.com/auth/firebase","https://www.googleapis.com/auth/cloud-platform"]
[debug] [2024-03-24T09:43:18.133Z] > authorizing via signed-in user (aronikakume1996@gmail.com)
[info] 
     ######## #### ########  ######## ########     ###     ######  ########
     ##        ##  ##     ## ##       ##     ##  ##   ##  ##       ##
     ######    ##  ########  ######   ########  #########  ######  ######
     ##        ##  ##    ##  ##       ##     ## ##     ##       ## ##
     ##       #### ##     ## ######## ########  ##     ##  ######  ########

You're about to initialize a Firebase project in this directory:

  /home/chapi/gitlab/React Native/todoList

[info] 
=== Project Setup
[info] 
[info] First, let's associate this project directory with a Firebase project.
[info] You can create multiple project aliases by running firebase use --add, 
[info] but for now we'll just set up a default project.
[info] 
[debug] [2024-03-24T09:43:24.652Z] >>> [apiv2][query] GET https://firebase.googleapis.com/v1beta1/projects pageSize=100
[debug] [2024-03-24T09:43:26.554Z] <<< [apiv2][status] GET https://firebase.googleapis.com/v1beta1/projects 200
[debug] [2024-03-24T09:43:26.555Z] <<< [apiv2][body] GET https://firebase.googleapis.com/v1beta1/projects [omitted]
[info] i  Using project test-2687e (Test) 
[info] 
=== Database Setup
[info] i  database: ensuring required API firebasedatabase.googleapis.com is enabled... 
[debug] [2024-03-24T09:43:37.372Z] >>> [apiv2][query] GET https://serviceusage.googleapis.com/v1/projects/test-2687e/services/firebasedatabase.googleapis.com [none]
[debug] [2024-03-24T09:43:37.372Z] >>> [apiv2][(partial)header] GET https://serviceusage.googleapis.com/v1/projects/test-2687e/services/firebasedatabase.googleapis.com x-goog-quota-user=projects/test-2687e
[debug] [2024-03-24T09:43:40.942Z] <<< [apiv2][status] GET https://serviceusage.googleapis.com/v1/projects/test-2687e/services/firebasedatabase.googleapis.com 200
[debug] [2024-03-24T09:43:40.942Z] <<< [apiv2][body] GET https://serviceusage.googleapis.com/v1/projects/test-2687e/services/firebasedatabase.googleapis.com [omitted]
[warn] ⚠  database: missing required API firebasedatabase.googleapis.com. Enabling now... 
[debug] [2024-03-24T09:43:40.944Z] >>> [apiv2][query] POST https://serviceusage.googleapis.com/v1/projects/test-2687e/services/firebasedatabase.googleapis.com:enable [none]
[debug] [2024-03-24T09:43:40.944Z] >>> [apiv2][(partial)header] POST https://serviceusage.googleapis.com/v1/projects/test-2687e/services/firebasedatabase.googleapis.com:enable x-goog-quota-user=projects/test-2687e
[debug] [2024-03-24T09:43:41.906Z] <<< [apiv2][status] POST https://serviceusage.googleapis.com/v1/projects/test-2687e/services/firebasedatabase.googleapis.com:enable 200
[debug] [2024-03-24T09:43:41.906Z] <<< [apiv2][body] POST https://serviceusage.googleapis.com/v1/projects/test-2687e/services/firebasedatabase.googleapis.com:enable [omitted]
[debug] [2024-03-24T09:43:51.913Z] >>> [apiv2][query] GET https://serviceusage.googleapis.com/v1/projects/test-2687e/services/firebasedatabase.googleapis.com [none]
[debug] [2024-03-24T09:43:51.913Z] >>> [apiv2][(partial)header] GET https://serviceusage.googleapis.com/v1/projects/test-2687e/services/firebasedatabase.googleapis.com x-goog-quota-user=projects/test-2687e
[debug] [2024-03-24T09:43:55.529Z] <<< [apiv2][status] GET https://serviceusage.googleapis.com/v1/projects/test-2687e/services/firebasedatabase.googleapis.com 200
[debug] [2024-03-24T09:43:55.529Z] <<< [apiv2][body] GET https://serviceusage.googleapis.com/v1/projects/test-2687e/services/firebasedatabase.googleapis.com [omitted]
[info] ✔  database: required API firebasedatabase.googleapis.com is enabled 
[info] 
[debug] [2024-03-24T09:43:55.535Z] >>> [apiv2][query] GET https://firebase.googleapis.com/v1beta1/projects/test-2687e [none]
[debug] [2024-03-24T09:43:56.303Z] *** [apiv2] error from fetch(https://firebase.googleapis.com/v1beta1/projects/test-2687e, {"headers":{},"method":"GET","signal":{}}): FetchError: request to https://firebase.googleapis.com/v1beta1/projects/test-2687e failed, reason: 
[debug] [2024-03-24T09:43:56.303Z] Failed to make request to https://firebase.googleapis.com/v1beta1/projects/test-2687e (original: request to https://firebase.googleapis.com/v1beta1/projects/test-2687e failed, reason: )
[debug] [2024-03-24T09:43:57.468Z] FirebaseError: Failed to make request to https://firebase.googleapis.com/v1beta1/projects/test-2687e
    at RetryOperation._fn (/home/chapi/.nvm/versions/node/v20.11.1/lib/node_modules/firebase-tools/lib/apiv2.js:251:31)
    at process.processTicksAndRejections (node:internal/process/task_queues:95:5)
[error] 
[error] Error: Failed to get Firebase project test-2687e. Please make sure the project exists and your account has permission to access it.
